0 info it worked if it ends with ok
1 verbose cli [ '/usr/local/bin/node', '/usr/local/bin/npm', 'start' ]
2 info using npm@1.1.43
3 info using node@v0.8.3
4 verbose config file /home/diego/.npmrc
5 verbose config file /usr/local/etc/npmrc
6 verbose config file /usr/local/lib/node_modules/npm/npmrc
7 verbose read json /home/diego/Workspace/blacklitlabs/blacklitlabs.com/package.json
8 verbose run-script [ 'prestart', 'start', 'poststart' ]
9 info prestart blacklitlabs.com@0.0.1
10 info start blacklitlabs.com@0.0.1
11 verbose unsafe-perm in lifecycle true
12 silly exec sh "-c" "forever -a -l blacklitlabs.com.log -o /home/ubuntu/.forever/blacklitlabs.com/out.log -e /home/ubuntu/.forever/blacklitlabs.com/err.log start blacklitlabs.com.js"
13 silly sh,-c,forever -a -l blacklitlabs.com.log -o /home/ubuntu/.forever/blacklitlabs.com/out.log -e /home/ubuntu/.forever/blacklitlabs.com/err.log start blacklitlabs.com.js,/home/diego/Workspace/blacklitlabs/blacklitlabs.com spawning
14 info blacklitlabs.com@0.0.1 Failed to exec start script
15 error blacklitlabs.com@0.0.1 start: `forever -a -l blacklitlabs.com.log -o /home/ubuntu/.forever/blacklitlabs.com/out.log -e /home/ubuntu/.forever/blacklitlabs.com/err.log start blacklitlabs.com.js`
15 error `sh "-c" "forever -a -l blacklitlabs.com.log -o /home/ubuntu/.forever/blacklitlabs.com/out.log -e /home/ubuntu/.forever/blacklitlabs.com/err.log start blacklitlabs.com.js"` failed with 127
16 error Failed at the blacklitlabs.com@0.0.1 start script.
16 error This is most likely a problem with the blacklitlabs.com package,
16 error not with npm itself.
16 error Tell the author that this fails on your system:
16 error     forever -a -l blacklitlabs.com.log -o /home/ubuntu/.forever/blacklitlabs.com/out.log -e /home/ubuntu/.forever/blacklitlabs.com/err.log start blacklitlabs.com.js
16 error You can get their info via:
16 error     npm owner ls blacklitlabs.com
16 error There is likely additional logging output above.
17 error System Linux 3.2.0-38-generic-pae
18 error command "/usr/local/bin/node" "/usr/local/bin/npm" "start"
19 error cwd /home/diego/Workspace/blacklitlabs/blacklitlabs.com
20 error node -v v0.8.3
21 error npm -v 1.1.43
22 error code ELIFECYCLE
23 error stack Error: blacklitlabs.com@0.0.1 start: `forever -a -l blacklitlabs.com.log -o /home/ubuntu/.forever/blacklitlabs.com/out.log -e /home/ubuntu/.forever/blacklitlabs.com/err.log start blacklitlabs.com.js`
23 error stack `sh "-c" "forever -a -l blacklitlabs.com.log -o /home/ubuntu/.forever/blacklitlabs.com/out.log -e /home/ubuntu/.forever/blacklitlabs.com/err.log start blacklitlabs.com.js"` failed with 127
23 error stack     at ChildProcess.<anonymous> (/usr/local/lib/node_modules/npm/lib/utils/exec.js:56:20)
23 error stack     at ChildProcess.EventEmitter.emit (events.js:91:17)
23 error stack     at Process._handle.onexit (child_process.js:674:10)
24 verbose exit [ 1, true ]
